{
  "stats": {
    "suites": 1,
    "tests": 2,
    "passes": 2,
    "pending": 0,
    "failures": 0,
    "start": "2023-01-13T01:35:21.499Z",
    "end": "2023-01-13T01:35:24.363Z",
    "duration": 2864,
    "testsRegistered": 2,
    "passPercent": 100,
    "pendingPercent": 0,
    "other": 0,
    "hasOther": false,
    "skipped": 0,
    "hasSkipped": false
  },
  "results": [
    {
      "uuid": "eb17f9d2-177d-41a5-849b-9028e7654848",
      "title": "",
      "fullFile": "/home/runner/work/nexus-e2e/nexus-e2e/packages/e2e/tests/demo.ts",
      "file": "/tests/demo.ts",
      "beforeHooks": [],
      "afterHooks": [],
      "tests": [],
      "suites": [
        {
          "uuid": "2a3d18c5-7150-4415-9750-95fb4574cdeb",
          "title": "demo",
          "fullFile": "/home/runner/work/nexus-e2e/nexus-e2e/packages/e2e/tests/demo.ts",
          "file": "/tests/demo.ts",
          "beforeHooks": [
            {
              "title": "\"before all\" hook in \"demo\"",
              "fullTitle": "demo \"before all\" hook in \"demo\"",
              "timedOut": false,
              "duration": 452,
              "state": null,
              "speed": null,
              "pass": false,
              "fail": false,
              "pending": false,
              "context": null,
              "code": "return __awaiter(_this, void 0, void 0, function () {\n        return __generator(this, function (_a) {\n            switch (_a.label) {\n                case 0: return [4 /*yield*/, launch_1.launchWithNexus({ nexusPath: \"./build\" })];\n                case 1:\n                    browser = _a.sent();\n                    return [4 /*yield*/, setup_1.setUpNexus(browser, { mock: true })];\n                case 2:\n                    nexusWallet = _a.sent();\n                    return [2 /*return*/];\n            }\n        });\n    });",
              "err": {},
              "uuid": "b66016af-a98b-4d24-9f9c-008417289511",
              "parentUUID": "2a3d18c5-7150-4415-9750-95fb4574cdeb",
              "isHook": true,
              "skipped": false
            }
          ],
          "afterHooks": [
            {
              "title": "\"after all\" hook in \"demo\"",
              "fullTitle": "demo \"after all\" hook in \"demo\"",
              "timedOut": false,
              "duration": 51,
              "state": null,
              "speed": null,
              "pass": false,
              "fail": false,
              "pending": false,
              "context": null,
              "code": "return __awaiter(_this, void 0, void 0, function () {\n        return __generator(this, function (_a) {\n            switch (_a.label) {\n                case 0: return [4 /*yield*/, nexusWallet.close()];\n                case 1:\n                    _a.sent();\n                    return [4 /*yield*/, browser.close()];\n                case 2:\n                    _a.sent();\n                    return [2 /*return*/];\n            }\n        });\n    });",
              "err": {},
              "uuid": "66b03f8c-2210-479a-9ea7-0d8b9b3cdaec",
              "parentUUID": "2a3d18c5-7150-4415-9750-95fb4574cdeb",
              "isHook": true,
              "skipped": false
            }
          ],
          "tests": [
            {
              "title": "connect",
              "fullTitle": "demo connect",
              "timedOut": false,
              "duration": 2090,
              "state": "passed",
              "speed": "slow",
              "pass": true,
              "fail": false,
              "pending": false,
              "context": null,
              "code": "return __awaiter(_this, void 0, void 0, function () {\n        var nexusPage, res1, newPage;\n        return __generator(this, function (_a) {\n            switch (_a.label) {\n                case 0: return [4 /*yield*/, browser.newPage()];\n                case 1:\n                    page = _a.sent();\n                    return [4 /*yield*/, page.goto(\"http://localhost:9011\")];\n                case 2:\n                    _a.sent();\n                    return [4 /*yield*/, page.click(\"#connectButton\")];\n                case 3:\n                    _a.sent();\n                    return [4 /*yield*/, nexusWallet.getNotificationPage()];\n                case 4:\n                    nexusPage = _a.sent();\n                    return [4 /*yield*/, nexusWallet.popup.getHelloNexus(nexusPage)];\n                case 5:\n                    res1 = _a.sent();\n                    chai_1.expect(res1).to.be.include(\"Hello Nexus\");\n                    return [4 /*yield*/, nexusWallet.close()];\n                case 6:\n                    _a.sent();\n                    return [4 /*yield*/, nexusWallet.popup.getNewPage()];\n                case 7:\n                    newPage = _a.sent();\n                    return [4 /*yield*/, nexusWallet.popup.getHelloNexus(newPage)];\n                case 8:\n                    res1 = _a.sent();\n                    chai_1.expect(res1).to.be.include(\"Hello Nexus\");\n                    return [4 /*yield*/, newPage.close()];\n                case 9:\n                    _a.sent();\n                    return [2 /*return*/];\n            }\n        });\n    });",
              "err": {},
              "uuid": "ab5c8d66-9da0-439a-acf8-5bcc8bafa5cc",
              "parentUUID": "2a3d18c5-7150-4415-9750-95fb4574cdeb",
              "isHook": false,
              "skipped": false
            },
            {
              "title": "get live cell ",
              "fullTitle": "demo get live cell ",
              "timedOut": false,
              "duration": 265,
              "state": "passed",
              "speed": "slow",
              "pass": true,
              "fail": false,
              "pending": false,
              "context": null,
              "code": "return __awaiter(_this, void 0, void 0, function () {\n        var res;\n        return __generator(this, function (_a) {\n            switch (_a.label) {\n                case 0: return [4 /*yield*/, page.bringToFront()];\n                case 1:\n                    _a.sent();\n                    return [4 /*yield*/, page.waitForSelector(\"#getLiveCellButton\")];\n                case 2:\n                    _a.sent();\n                    return [4 /*yield*/, page.click(\"#getLiveCellButton\")];\n                case 3:\n                    _a.sent();\n                    return [4 /*yield*/, page.waitForFunction(function () { return document.getElementById(\"getLiveCellResult\").innerText !== \"\"; })];\n                case 4:\n                    _a.sent();\n                    return [4 /*yield*/, page.$eval(\"#getLiveCellResult\", function (e) { return e.innerText; })];\n                case 5:\n                    res = _a.sent();\n                    chai_1.expect(res).to.be.equal(\"[]\");\n                    return [2 /*return*/];\n            }\n        });\n    });",
              "err": {},
              "uuid": "b357d265-f838-4d18-ba11-de695b107112",
              "parentUUID": "2a3d18c5-7150-4415-9750-95fb4574cdeb",
              "isHook": false,
              "skipped": false
            }
          ],
          "suites": [],
          "passes": [
            "ab5c8d66-9da0-439a-acf8-5bcc8bafa5cc",
            "b357d265-f838-4d18-ba11-de695b107112"
          ],
          "failures": [],
          "pending": [],
          "skipped": [],
          "duration": 2355,
          "root": false,
          "rootEmpty": false,
          "_timeout": 10000000
        }
      ],
      "passes": [],
      "failures": [],
      "pending": [],
      "skipped": [],
      "duration": 0,
      "root": true,
      "rootEmpty": true,
      "_timeout": 2000
    }
  ],
  "meta": {
    "mocha": {
      "version": "9.2.2"
    },
    "mochawesome": {
      "options": {
        "quiet": false,
        "reportFilename": "mochawesome",
        "saveHtml": true,
        "saveJson": true,
        "consoleReporter": "spec",
        "useInlineDiffs": false,
        "code": true
      },
      "version": "7.1.3"
    },
    "marge": {
      "options": null,
      "version": "6.2.0"
    }
  }
}